1757903245.059988 client started (186934): version 3.5a, socket /tmp/tmux-1000/default, protocol 8
1757903245.060028 on Linux 6.16.6-arch1-1 #1 SMP PREEMPT_DYNAMIC Wed, 10 Sep 2025 00:38:07 +0000
1757903245.060045 using libevent 2.1.12-stable poll
1757903245.060052 using ncurses 6.5 20240427
1757903245.060082 flags are 0x10010000
1757903245.060103 socket is /tmp/tmux-1000/default
1757903245.060118 trying connect
1757903245.060228 add peer 0x55ea620149c0: 6 ((nil))
1757903245.060661 sending message 111 to peer 0x55ea620149c0 (8 bytes)
1757903245.060676 sending message 111 to peer 0x55ea620149c0 (8 bytes)
1757903245.060683 sending message 101 to peer 0x55ea620149c0 (14 bytes)
1757903245.060690 sending message 109 to peer 0x55ea620149c0 (4 bytes)
1757903245.060702 sending message 102 to peer 0x55ea620149c0 (11 bytes)
1757903245.060709 sending message 108 to peer 0x55ea620149c0 (15 bytes)
1757903245.060715 sending message 112 to peer 0x55ea620149c0 (70 bytes)
1757903245.060722 sending message 112 to peer 0x55ea620149c0 (5 bytes)
1757903245.060728 sending message 112 to peer 0x55ea620149c0 (5 bytes)
1757903245.060734 sending message 112 to peer 0x55ea620149c0 (6 bytes)
1757903245.060740 sending message 112 to peer 0x55ea620149c0 (6 bytes)
1757903245.060745 sending message 112 to peer 0x55ea620149c0 (11 bytes)
1757903245.060751 sending message 112 to peer 0x55ea620149c0 (10 bytes)
1757903245.060757 sending message 112 to peer 0x55ea620149c0 (13 bytes)
1757903245.060763 sending message 112 to peer 0x55ea620149c0 (13 bytes)
1757903245.060769 sending message 112 to peer 0x55ea620149c0 (18 bytes)
1757903245.060775 sending message 112 to peer 0x55ea620149c0 (11 bytes)
1757903245.060781 sending message 112 to peer 0x55ea620149c0 (10 bytes)
1757903245.060787 sending message 112 to peer 0x55ea620149c0 (15 bytes)
1757903245.060793 sending message 112 to peer 0x55ea620149c0 (21 bytes)
1757903245.060799 sending message 112 to peer 0x55ea620149c0 (13 bytes)
1757903245.060805 sending message 112 to peer 0x55ea620149c0 (7 bytes)
1757903245.060811 sending message 112 to peer 0x55ea620149c0 (13 bytes)
1757903245.060816 sending message 112 to peer 0x55ea620149c0 (7 bytes)
1757903245.060822 sending message 112 to peer 0x55ea620149c0 (13 bytes)
1757903245.060828 sending message 112 to peer 0x55ea620149c0 (9 bytes)
1757903245.060834 sending message 112 to peer 0x55ea620149c0 (21 bytes)
1757903245.060840 sending message 112 to peer 0x55ea620149c0 (13 bytes)
1757903245.060846 sending message 112 to peer 0x55ea620149c0 (8 bytes)
1757903245.060852 sending message 112 to peer 0x55ea620149c0 (12 bytes)
1757903245.060857 sending message 112 to peer 0x55ea620149c0 (13 bytes)
1757903245.060863 sending message 112 to peer 0x55ea620149c0 (9 bytes)
1757903245.060869 sending message 112 to peer 0x55ea620149c0 (9 bytes)
1757903245.060875 sending message 112 to peer 0x55ea620149c0 (12 bytes)
1757903245.060881 sending message 112 to peer 0x55ea620149c0 (8 bytes)
1757903245.060887 sending message 112 to peer 0x55ea620149c0 (8 bytes)
1757903245.060893 sending message 112 to peer 0x55ea620149c0 (7 bytes)
1757903245.060898 sending message 112 to peer 0x55ea620149c0 (7 bytes)
1757903245.060904 sending message 112 to peer 0x55ea620149c0 (9 bytes)
1757903245.060910 sending message 112 to peer 0x55ea620149c0 (13 bytes)
1757903245.060916 sending message 112 to peer 0x55ea620149c0 (6 bytes)
1757903245.060922 sending message 112 to peer 0x55ea620149c0 (9 bytes)
1757903245.060928 sending message 112 to peer 0x55ea620149c0 (15 bytes)
1757903245.060934 sending message 112 to peer 0x55ea620149c0 (13 bytes)
1757903245.060940 sending message 112 to peer 0x55ea620149c0 (12 bytes)
1757903245.060946 sending message 112 to peer 0x55ea620149c0 (8 bytes)
1757903245.060952 sending message 112 to peer 0x55ea620149c0 (14 bytes)
1757903245.060958 sending message 112 to peer 0x55ea620149c0 (11 bytes)
1757903245.060964 sending message 112 to peer 0x55ea620149c0 (9 bytes)
1757903245.060970 sending message 112 to peer 0x55ea620149c0 (10 bytes)
1757903245.060976 sending message 112 to peer 0x55ea620149c0 (10 bytes)
1757903245.060991 sending message 112 to peer 0x55ea620149c0 (10 bytes)
1757903245.061005 sending message 112 to peer 0x55ea620149c0 (10 bytes)
1757903245.061012 sending message 112 to peer 0x55ea620149c0 (11 bytes)
1757903245.061018 sending message 112 to peer 0x55ea620149c0 (12 bytes)
1757903245.061024 sending message 112 to peer 0x55ea620149c0 (12 bytes)
1757903245.061033 sending message 112 to peer 0x55ea620149c0 (12 bytes)
1757903245.061042 sending message 112 to peer 0x55ea620149c0 (12 bytes)
1757903245.061052 sending message 112 to peer 0x55ea620149c0 (12 bytes)
1757903245.061061 sending message 112 to peer 0x55ea620149c0 (11 bytes)
1757903245.061070 sending message 112 to peer 0x55ea620149c0 (11 bytes)
1757903245.061080 sending message 112 to peer 0x55ea620149c0 (12 bytes)
1757903245.061090 sending message 112 to peer 0x55ea620149c0 (12 bytes)
1757903245.061098 sending message 112 to peer 0x55ea620149c0 (12 bytes)
1757903245.061104 sending message 112 to peer 0x55ea620149c0 (12 bytes)
1757903245.061110 sending message 112 to peer 0x55ea620149c0 (12 bytes)
1757903245.061116 sending message 112 to peer 0x55ea620149c0 (10 bytes)
1757903245.061122 sending message 112 to peer 0x55ea620149c0 (12 bytes)
1757903245.061128 sending message 112 to peer 0x55ea620149c0 (13 bytes)
1757903245.061134 sending message 112 to peer 0x55ea620149c0 (13 bytes)
1757903245.061140 sending message 112 to peer 0x55ea620149c0 (13 bytes)
1757903245.061146 sending message 112 to peer 0x55ea620149c0 (13 bytes)
1757903245.061152 sending message 112 to peer 0x55ea620149c0 (13 bytes)
1757903245.061159 sending message 112 to peer 0x55ea620149c0 (8 bytes)
1757903245.061169 sending message 112 to peer 0x55ea620149c0 (11 bytes)
1757903245.061178 sending message 112 to peer 0x55ea620149c0 (11 bytes)
1757903245.061187 sending message 112 to peer 0x55ea620149c0 (11 bytes)
1757903245.061197 sending message 112 to peer 0x55ea620149c0 (12 bytes)
1757903245.061206 sending message 112 to peer 0x55ea620149c0 (12 bytes)
1757903245.061213 sending message 112 to peer 0x55ea620149c0 (12 bytes)
1757903245.061219 sending message 112 to peer 0x55ea620149c0 (12 bytes)
1757903245.061225 sending message 112 to peer 0x55ea620149c0 (13 bytes)
1757903245.061231 sending message 112 to peer 0x55ea620149c0 (13 bytes)
1757903245.061237 sending message 112 to peer 0x55ea620149c0 (13 bytes)
1757903245.061243 sending message 112 to peer 0x55ea620149c0 (8 bytes)
1757903245.061253 sending message 112 to peer 0x55ea620149c0 (13 bytes)
1757903245.061263 sending message 112 to peer 0x55ea620149c0 (13 bytes)
1757903245.061274 sending message 112 to peer 0x55ea620149c0 (13 bytes)
1757903245.061283 sending message 112 to peer 0x55ea620149c0 (13 bytes)
1757903245.061289 sending message 112 to peer 0x55ea620149c0 (13 bytes)
1757903245.061296 sending message 112 to peer 0x55ea620149c0 (12 bytes)
1757903245.061302 sending message 112 to peer 0x55ea620149c0 (12 bytes)
1757903245.061308 sending message 112 to peer 0x55ea620149c0 (12 bytes)
1757903245.061314 sending message 112 to peer 0x55ea620149c0 (12 bytes)
1757903245.061320 sending message 112 to peer 0x55ea620149c0 (13 bytes)
1757903245.061344 sending message 112 to peer 0x55ea620149c0 (8 bytes)
1757903245.061357 sending message 112 to peer 0x55ea620149c0 (13 bytes)
1757903245.061366 sending message 112 to peer 0x55ea620149c0 (13 bytes)
1757903245.061373 sending message 112 to peer 0x55ea620149c0 (13 bytes)
1757903245.061379 sending message 112 to peer 0x55ea620149c0 (13 bytes)
1757903245.061386 sending message 112 to peer 0x55ea620149c0 (13 bytes)
1757903245.061396 sending message 112 to peer 0x55ea620149c0 (13 bytes)
1757903245.061406 sending message 112 to peer 0x55ea620149c0 (13 bytes)
1757903245.061416 sending message 112 to peer 0x55ea620149c0 (12 bytes)
1757903245.061424 sending message 112 to peer 0x55ea620149c0 (12 bytes)
1757903245.061430 sending message 112 to peer 0x55ea620149c0 (12 bytes)
1757903245.061436 sending message 112 to peer 0x55ea620149c0 (8 bytes)
1757903245.061442 sending message 112 to peer 0x55ea620149c0 (12 bytes)
1757903245.061455 sending message 112 to peer 0x55ea620149c0 (13 bytes)
1757903245.061473 sending message 112 to peer 0x55ea620149c0 (13 bytes)
1757903245.061483 sending message 112 to peer 0x55ea620149c0 (13 bytes)
1757903245.061493 sending message 112 to peer 0x55ea620149c0 (13 bytes)
1757903245.061502 sending message 112 to peer 0x55ea620149c0 (13 bytes)
1757903245.061512 sending message 112 to peer 0x55ea620149c0 (13 bytes)
1757903245.061522 sending message 112 to peer 0x55ea620149c0 (13 bytes)
1757903245.061530 sending message 112 to peer 0x55ea620149c0 (13 bytes)
1757903245.061537 sending message 112 to peer 0x55ea620149c0 (12 bytes)
1757903245.061543 sending message 112 to peer 0x55ea620149c0 (10 bytes)
1757903245.061549 sending message 112 to peer 0x55ea620149c0 (12 bytes)
1757903245.061559 sending message 112 to peer 0x55ea620149c0 (12 bytes)
1757903245.061569 sending message 112 to peer 0x55ea620149c0 (12 bytes)
1757903245.061578 sending message 112 to peer 0x55ea620149c0 (13 bytes)
1757903245.061588 sending message 112 to peer 0x55ea620149c0 (13 bytes)
1757903245.061598 sending message 112 to peer 0x55ea620149c0 (13 bytes)
1757903245.061605 sending message 112 to peer 0x55ea620149c0 (13 bytes)
1757903245.061611 sending message 112 to peer 0x55ea620149c0 (13 bytes)
1757903245.061618 sending message 112 to peer 0x55ea620149c0 (13 bytes)
1757903245.061624 sending message 112 to peer 0x55ea620149c0 (13 bytes)
1757903245.061630 sending message 112 to peer 0x55ea620149c0 (10 bytes)
1757903245.061640 sending message 112 to peer 0x55ea620149c0 (13 bytes)
1757903245.061650 sending message 112 to peer 0x55ea620149c0 (12 bytes)
1757903245.061660 sending message 112 to peer 0x55ea620149c0 (12 bytes)
1757903245.061670 sending message 112 to peer 0x55ea620149c0 (12 bytes)
1757903245.061678 sending message 112 to peer 0x55ea620149c0 (10 bytes)
1757903245.061684 sending message 112 to peer 0x55ea620149c0 (10 bytes)
1757903245.061695 sending message 112 to peer 0x55ea620149c0 (10 bytes)
1757903245.061705 sending message 112 to peer 0x55ea620149c0 (12 bytes)
1757903245.061715 sending message 112 to peer 0x55ea620149c0 (13 bytes)
1757903245.061725 sending message 112 to peer 0x55ea620149c0 (13 bytes)
1757903245.061732 sending message 112 to peer 0x55ea620149c0 (13 bytes)
1757903245.061738 sending message 112 to peer 0x55ea620149c0 (13 bytes)
1757903245.061744 sending message 112 to peer 0x55ea620149c0 (13 bytes)
1757903245.061750 sending message 112 to peer 0x55ea620149c0 (11 bytes)
1757903245.061756 sending message 112 to peer 0x55ea620149c0 (11 bytes)
1757903245.061762 sending message 112 to peer 0x55ea620149c0 (12 bytes)
1757903245.061768 sending message 112 to peer 0x55ea620149c0 (12 bytes)
1757903245.061774 sending message 112 to peer 0x55ea620149c0 (12 bytes)
1757903245.061780 sending message 112 to peer 0x55ea620149c0 (12 bytes)
1757903245.061787 sending message 112 to peer 0x55ea620149c0 (12 bytes)
1757903245.061793 sending message 112 to peer 0x55ea620149c0 (11 bytes)
1757903245.061799 sending message 112 to peer 0x55ea620149c0 (12 bytes)
1757903245.061805 sending message 112 to peer 0x55ea620149c0 (12 bytes)
1757903245.061811 sending message 112 to peer 0x55ea620149c0 (13 bytes)
1757903245.061817 sending message 112 to peer 0x55ea620149c0 (13 bytes)
1757903245.061823 sending message 112 to peer 0x55ea620149c0 (13 bytes)
1757903245.061829 sending message 112 to peer 0x55ea620149c0 (13 bytes)
1757903245.061836 sending message 112 to peer 0x55ea620149c0 (13 bytes)
1757903245.061847 sending message 112 to peer 0x55ea620149c0 (10 bytes)
1757903245.061854 sending message 112 to peer 0x55ea620149c0 (9 bytes)
1757903245.061860 sending message 112 to peer 0x55ea620149c0 (12 bytes)
1757903245.061866 sending message 112 to peer 0x55ea620149c0 (13 bytes)
1757903245.061872 sending message 112 to peer 0x55ea620149c0 (13 bytes)
1757903245.061879 sending message 112 to peer 0x55ea620149c0 (13 bytes)
1757903245.061885 sending message 112 to peer 0x55ea620149c0 (13 bytes)
1757903245.061891 sending message 112 to peer 0x55ea620149c0 (13 bytes)
1757903245.061903 sending message 112 to peer 0x55ea620149c0 (9 bytes)
1757903245.061914 sending message 112 to peer 0x55ea620149c0 (12 bytes)
1757903245.061920 sending message 112 to peer 0x55ea620149c0 (13 bytes)
1757903245.061927 sending message 112 to peer 0x55ea620149c0 (13 bytes)
1757903245.061933 sending message 112 to peer 0x55ea620149c0 (13 bytes)
1757903245.061939 sending message 112 to peer 0x55ea620149c0 (13 bytes)
1757903245.061949 sending message 112 to peer 0x55ea620149c0 (13 bytes)
1757903245.061958 sending message 112 to peer 0x55ea620149c0 (11 bytes)
1757903245.061967 sending message 112 to peer 0x55ea620149c0 (12 bytes)
1757903245.061976 sending message 112 to peer 0x55ea620149c0 (13 bytes)
1757903245.061985 sending message 112 to peer 0x55ea620149c0 (13 bytes)
1757903245.061994 sending message 112 to peer 0x55ea620149c0 (13 bytes)
1757903245.062002 sending message 112 to peer 0x55ea620149c0 (13 bytes)
1757903245.062008 sending message 112 to peer 0x55ea620149c0 (13 bytes)
1757903245.062014 sending message 112 to peer 0x55ea620149c0 (11 bytes)
1757903245.062020 sending message 112 to peer 0x55ea620149c0 (12 bytes)
1757903245.062026 sending message 112 to peer 0x55ea620149c0 (12 bytes)
1757903245.062032 sending message 112 to peer 0x55ea620149c0 (12 bytes)
1757903245.062038 sending message 112 to peer 0x55ea620149c0 (12 bytes)
1757903245.062044 sending message 112 to peer 0x55ea620149c0 (12 bytes)
1757903245.062051 sending message 112 to peer 0x55ea620149c0 (21 bytes)
1757903245.062057 sending message 112 to peer 0x55ea620149c0 (12 bytes)
1757903245.062063 sending message 112 to peer 0x55ea620149c0 (9 bytes)
1757903245.062069 sending message 112 to peer 0x55ea620149c0 (6 bytes)
1757903245.062075 sending message 112 to peer 0x55ea620149c0 (13 bytes)
1757903245.062081 sending message 112 to peer 0x55ea620149c0 (8 bytes)
1757903245.062087 sending message 112 to peer 0x55ea620149c0 (15 bytes)
1757903245.062094 sending message 112 to peer 0x55ea620149c0 (13 bytes)
1757903245.062100 sending message 112 to peer 0x55ea620149c0 (9 bytes)
1757903245.062106 sending message 112 to peer 0x55ea620149c0 (70 bytes)
1757903245.062112 sending message 112 to peer 0x55ea620149c0 (69 bytes)
1757903245.062118 sending message 112 to peer 0x55ea620149c0 (10 bytes)
1757903245.062125 sending message 112 to peer 0x55ea620149c0 (10 bytes)
1757903245.062131 sending message 112 to peer 0x55ea620149c0 (8 bytes)
1757903245.062137 sending message 112 to peer 0x55ea620149c0 (15 bytes)
1757903245.062143 sending message 112 to peer 0x55ea620149c0 (13 bytes)
1757903245.062150 sending message 112 to peer 0x55ea620149c0 (10 bytes)
1757903245.062156 sending message 112 to peer 0x55ea620149c0 (10 bytes)
1757903245.062162 sending message 112 to peer 0x55ea620149c0 (17 bytes)
1757903245.062169 sending message 112 to peer 0x55ea620149c0 (10 bytes)
1757903245.062175 sending message 112 to peer 0x55ea620149c0 (13 bytes)
1757903245.062181 sending message 112 to peer 0x55ea620149c0 (9 bytes)
1757903245.062187 sending message 112 to peer 0x55ea620149c0 (5 bytes)
1757903245.062194 sending message 112 to peer 0x55ea620149c0 (15 bytes)
1757903245.062202 sending message 104 to peer 0x55ea620149c0 (0 bytes)
1757903245.062209 sending message 110 to peer 0x55ea620149c0 (0 bytes)
1757903245.062216 sending message 107 to peer 0x55ea620149c0 (4 bytes)
1757903245.062223 sending message 105 to peer 0x55ea620149c0 (38 bytes)
1757903245.062229 sending message 105 to peer 0x55ea620149c0 (62 bytes)
1757903245.062236 sending message 105 to peer 0x55ea620149c0 (35 bytes)
1757903245.062242 sending message 105 to peer 0x55ea620149c0 (20 bytes)
1757903245.062248 sending message 105 to peer 0x55ea620149c0 (54 bytes)
1757903245.062255 sending message 105 to peer 0x55ea620149c0 (50 bytes)
1757903245.062261 sending message 105 to peer 0x55ea620149c0 (21 bytes)
1757903245.062268 sending message 105 to peer 0x55ea620149c0 (11 bytes)
1757903245.062274 sending message 105 to peer 0x55ea620149c0 (12 bytes)
1757903245.062280 sending message 105 to peer 0x55ea620149c0 (28 bytes)
1757903245.062292 sending message 105 to peer 0x55ea620149c0 (16 bytes)
1757903245.062303 sending message 105 to peer 0x55ea620149c0 (45 bytes)
1757903245.062310 sending message 105 to peer 0x55ea620149c0 (17 bytes)
1757903245.062316 sending message 105 to peer 0x55ea620149c0 (13 bytes)
1757903245.062322 sending message 105 to peer 0x55ea620149c0 (26 bytes)
1757903245.062339 sending message 105 to peer 0x55ea620149c0 (15 bytes)
1757903245.062350 sending message 105 to peer 0x55ea620149c0 (18 bytes)
1757903245.062357 sending message 105 to peer 0x55ea620149c0 (257 bytes)
1757903245.062364 sending message 105 to peer 0x55ea620149c0 (19 bytes)
1757903245.062370 sending message 105 to peer 0x55ea620149c0 (19 bytes)
1757903245.062376 sending message 105 to peer 0x55ea620149c0 (8 bytes)
1757903245.062383 sending message 105 to peer 0x55ea620149c0 (47 bytes)
1757903245.062389 sending message 105 to peer 0x55ea620149c0 (19 bytes)
1757903245.062396 sending message 105 to peer 0x55ea620149c0 (18 bytes)
1757903245.062402 sending message 105 to peer 0x55ea620149c0 (26 bytes)
1757903245.062408 sending message 105 to peer 0x55ea620149c0 (37 bytes)
1757903245.062415 sending message 105 to peer 0x55ea620149c0 (13 bytes)
1757903245.062421 sending message 105 to peer 0x55ea620149c0 (10 bytes)
1757903245.062427 sending message 105 to peer 0x55ea620149c0 (26 bytes)
1757903245.062433 sending message 105 to peer 0x55ea620149c0 (24 bytes)
1757903245.062439 sending message 105 to peer 0x55ea620149c0 (16 bytes)
1757903245.062445 sending message 105 to peer 0x55ea620149c0 (33 bytes)
1757903245.062452 sending message 105 to peer 0x55ea620149c0 (119 bytes)
1757903245.062459 sending message 105 to peer 0x55ea620149c0 (31 bytes)
1757903245.062465 sending message 105 to peer 0x55ea620149c0 (15 bytes)
1757903245.062472 sending message 105 to peer 0x55ea620149c0 (52 bytes)
1757903245.062478 sending message 105 to peer 0x55ea620149c0 (23 bytes)
1757903245.062484 sending message 105 to peer 0x55ea620149c0 (33 bytes)
1757903245.062490 sending message 105 to peer 0x55ea620149c0 (17 bytes)
1757903245.062497 sending message 105 to peer 0x55ea620149c0 (58 bytes)
1757903245.062503 sending message 105 to peer 0x55ea620149c0 (25 bytes)
1757903245.062509 sending message 105 to peer 0x55ea620149c0 (11 bytes)
1757903245.062515 sending message 105 to peer 0x55ea620149c0 (16 bytes)
1757903245.062521 sending message 105 to peer 0x55ea620149c0 (20 bytes)
1757903245.062528 sending message 105 to peer 0x55ea620149c0 (13 bytes)
1757903245.062534 sending message 106 to peer 0x55ea620149c0 (0 bytes)
1757903245.062613 sending message 200 to peer 0x55ea620149c0 (4 bytes)
1757903245.062621 client loop enter
1757903245.063142 peer 0x55ea620149c0 message 303
1757903245.063155 open write file 2 -
1757903245.063169 sending message 305 to peer 0x55ea620149c0 (8 bytes)
1757903245.063182 write check file 2
1757903245.063324 peer 0x55ea620149c0 message 304
1757903245.063385 write 58 to file 2
1757903245.063396 peer 0x55ea620149c0 message 203
1757903245.063402 file 2 58 bytes left
1757903245.063423 write check file 2
1757903245.063430 client loop exit
